<?xml version="1.0" encoding="UTF-8" ?>
<testsuite tests="4" failures="0" name="com.packtpub.mastering.selenium.RunCukesTest" time="0.198" errors="2" skipped="2">
  <properties>
    <property name="java.runtime.name" value="Java(TM) SE Runtime Environment"/>
    <property name="sun.boot.library.path" value="/Library/Java/JavaVirtualMachines/jdk1.8.0_40.jdk/Contents/Home/jre/lib"/>
    <property name="java.vm.version" value="25.40-b25"/>
    <property name="user.country.format" value="HK"/>
    <property name="gopherProxySet" value="false"/>
    <property name="java.vm.vendor" value="Oracle Corporation"/>
    <property name="maven.multiModuleProjectDirectory" value="/Users/jianxu/IdeaProjects/test/continusIntegration/temperature-converter"/>
    <property name="java.vendor.url" value="http://java.oracle.com/"/>
    <property name="path.separator" value=":"/>
    <property name="guice.disable.misplaced.annotation.check" value="true"/>
    <property name="java.vm.name" value="Java HotSpot(TM) 64-Bit Server VM"/>
    <property name="file.encoding.pkg" value="sun.io"/>
    <property name="user.country" value="US"/>
    <property name="sun.java.launcher" value="SUN_STANDARD"/>
    <property name="sun.os.patch.level" value="unknown"/>
    <property name="java.vm.specification.name" value="Java Virtual Machine Specification"/>
    <property name="user.dir" value="/Users/jianxu/IdeaProjects/test/continusIntegration/temperature-converter"/>
    <property name="java.runtime.version" value="1.8.0_40-b27"/>
    <property name="java.awt.graphicsenv" value="sun.awt.CGraphicsEnvironment"/>
    <property name="java.endorsed.dirs" value="/Library/Java/JavaVirtualMachines/jdk1.8.0_40.jdk/Contents/Home/jre/lib/endorsed"/>
    <property name="os.arch" value="x86_64"/>
    <property name="java.io.tmpdir" value="/var/folders/3f/57wf88b52fbcvsr2j807b250000m7c/T/"/>
    <property name="line.separator" value="
"/>
    <property name="java.vm.specification.vendor" value="Oracle Corporation"/>
    <property name="os.name" value="Mac OS X"/>
    <property name="classworlds.conf" value="/apache-maven-3.5.0/bin/m2.conf"/>
    <property name="sun.jnu.encoding" value="UTF-8"/>
    <property name="java.library.path" value="/Users/jianxu/Library/Java/Extensions:/Library/Java/Extensions:/Network/Library/Java/Extensions:/System/Library/Java/Extensions:/usr/lib/java:."/>
    <property name="maven.conf" value="/apache-maven-3.5.0/conf"/>
    <property name="java.specification.name" value="Java Platform API Specification"/>
    <property name="java.class.version" value="52.0"/>
    <property name="sun.management.compiler" value="HotSpot 64-Bit Tiered Compilers"/>
    <property name="os.version" value="10.12.3"/>
    <property name="library.jansi.path" value="/apache-maven-3.5.0/lib/jansi-native/osx64"/>
    <property name="http.nonProxyHosts" value="local|*.local|169.254/16|*.169.254/16"/>
    <property name="user.home" value="/Users/jianxu"/>
    <property name="user.timezone" value="Asia/Shanghai"/>
    <property name="java.awt.printerjob" value="sun.lwawt.macosx.CPrinterJob"/>
    <property name="java.specification.version" value="1.8"/>
    <property name="file.encoding" value="UTF-8"/>
    <property name="user.name" value="jianxu"/>
    <property name="java.class.path" value="/apache-maven-3.5.0/boot/plexus-classworlds-2.5.2.jar"/>
    <property name="java.vm.specification.version" value="1.8"/>
    <property name="sun.arch.data.model" value="64"/>
    <property name="java.home" value="/Library/Java/JavaVirtualMachines/jdk1.8.0_40.jdk/Contents/Home/jre"/>
    <property name="sun.java.command" value="org.codehaus.plexus.classworlds.launcher.Launcher clean install"/>
    <property name="java.specification.vendor" value="Oracle Corporation"/>
    <property name="user.language" value="en"/>
    <property name="awt.toolkit" value="sun.lwawt.macosx.LWCToolkit"/>
    <property name="java.vm.info" value="mixed mode"/>
    <property name="java.version" value="1.8.0_40"/>
    <property name="java.ext.dirs" value="/Users/jianxu/Library/Java/Extensions:/Library/Java/JavaVirtualMachines/jdk1.8.0_40.jdk/Contents/Home/jre/lib/ext:/Library/Java/Extensions:/Network/Library/Java/Extensions:/System/Library/Java/Extensions:/usr/lib/java"/>
    <property name="sun.boot.class.path" value="/Library/Java/JavaVirtualMachines/jdk1.8.0_40.jdk/Contents/Home/jre/lib/resources.jar:/Library/Java/JavaVirtualMachines/jdk1.8.0_40.jdk/Contents/Home/jre/lib/rt.jar:/Library/Java/JavaVirtualMachines/jdk1.8.0_40.jdk/Contents/Home/jre/lib/sunrsasign.jar:/Library/Java/JavaVirtualMachines/jdk1.8.0_40.jdk/Contents/Home/jre/lib/jsse.jar:/Library/Java/JavaVirtualMachines/jdk1.8.0_40.jdk/Contents/Home/jre/lib/jce.jar:/Library/Java/JavaVirtualMachines/jdk1.8.0_40.jdk/Contents/Home/jre/lib/charsets.jar:/Library/Java/JavaVirtualMachines/jdk1.8.0_40.jdk/Contents/Home/jre/lib/jfr.jar:/Library/Java/JavaVirtualMachines/jdk1.8.0_40.jdk/Contents/Home/jre/classes"/>
    <property name="java.vendor" value="Oracle Corporation"/>
    <property name="maven.home" value="/apache-maven-3.5.0"/>
    <property name="file.separator" value="/"/>
    <property name="java.vendor.url.bug" value="http://bugreport.sun.com/bugreport/"/>
    <property name="sun.cpu.endian" value="little"/>
    <property name="sun.io.unicode.encoding" value="UnicodeBig"/>
    <property name="socksNonProxyHosts" value="local|*.local|169.254/16|*.169.254/16"/>
    <property name="ftp.nonProxyHosts" value="local|*.local|169.254/16|*.169.254/16"/>
    <property name="sun.cpu.isalist" value=""/>
  </properties>
  <testcase classname="Given I want to  convert 98.6 degree Fahrenheit to Celsius   " name="Given I want to  convert 98.6 degree Fahrenheit to Celsius   " time="0.007">
    <error message="Failed to connect to binary FirefoxBinary(/Applications/Firefox.app/Contents/MacOS/firefox-bin) on port 7055; process output follows: 
e,&quot;hasBinaryComponents&quot;:false,&quot;strictCompatibility&quot;:true,&quot;locales&quot;:[],&quot;targetApplications&quot;:[{&quot;id&quot;:&quot;{ec8030f7-c20a-464f-9b0e-13a3a9e97384}&quot;,&quot;minVersion&quot;:&quot;53.0.2&quot;,&quot;maxVersion&quot;:&quot;53.0.2&quot;}],&quot;targetPlatforms&quot;:[],&quot;seen&quot;:true,&quot;dependencies&quot;:[],&quot;hasEmbeddedWebExtension&quot;:false,&quot;userPermissions&quot;:null}
1507685485721	addons.xpi	DEBUG	getModTime: Recursive scan of {972ce4c6-7e08-4474-a285-3208198ce6fd}
1507685485721	DeferredSave.extensions.json	DEBUG	Save changes
1507685485721	addons.xpi	DEBUG	Updating database with changes to installed add-ons
1507685485721	addons.xpi-utils	DEBUG	Updating add-on states
1507685485722	addons.xpi-utils	DEBUG	Writing add-ons list
1507685485723	addons.xpi	DEBUG	Registering manifest for /Applications/Firefox.app/Contents/Resources/browser/features/aushelper@mozilla.org.xpi
1507685485723	addons.xpi	DEBUG	Calling bootstrap method startup on aushelper@mozilla.org version 2.0
1507685485724	addons.xpi	DEBUG	Registering manifest for /Applications/Firefox.app/Contents/Resources/browser/features/e10srollout@mozilla.org.xpi
1507685485724	addons.xpi	DEBUG	Calling bootstrap method startup on e10srollout@mozilla.org version 1.14
1507685485725	addons.xpi	DEBUG	Registering manifest for /Applications/Firefox.app/Contents/Resources/browser/features/firefox@getpocket.com.xpi
1507685485725	addons.xpi	DEBUG	Calling bootstrap method startup on firefox@getpocket.com version 1.0.5
1507685485726	addons.xpi	DEBUG	Registering manifest for /Applications/Firefox.app/Contents/Resources/browser/features/webcompat@mozilla.org.xpi
1507685485726	addons.xpi	DEBUG	Calling bootstrap method startup on webcompat@mozilla.org version 1.0
1507685485728	addons.manager	DEBUG	Registering shutdown blocker for XPIProvider
1507685485728	addons.manager	DEBUG	Provider finished startup: XPIProvider
1507685485729	addons.manager	DEBUG	Starting provider: LightweightThemeManager
1507685485729	addons.manager	DEBUG	Registering shutdown blocker for LightweightThemeManager
1507685485730	addons.manager	DEBUG	Provider finished startup: LightweightThemeManager
1507685485730	addons.manager	DEBUG	Starting provider: GMPProvider
1507685485733	addons.manager	DEBUG	Registering shutdown blocker for GMPProvider
1507685485734	addons.manager	DEBUG	Provider finished startup: GMPProvider
1507685485734	addons.manager	DEBUG	Starting provider: PluginProvider
1507685485734	addons.manager	DEBUG	Registering shutdown blocker for PluginProvider
1507685485734	addons.manager	DEBUG	Provider finished startup: PluginProvider
1507685485734	addons.manager	DEBUG	Completed startup sequence
1507685486042	addons.manager	DEBUG	Starting provider: &lt;unnamed-provider&gt;
1507685486042	addons.manager	DEBUG	Registering shutdown blocker for &lt;unnamed-provider&gt;
1507685486042	addons.manager	DEBUG	Provider finished startup: &lt;unnamed-provider&gt;
1507685486047	DeferredSave.extensions.json	DEBUG	Starting write
1507685486135	addons.repository	DEBUG	No addons.json found.
1507685486135	DeferredSave.addons.json	DEBUG	Save changes
1507685486138	DeferredSave.addons.json	DEBUG	Starting timer
1507685486163	addons.manager	DEBUG	Starting provider: PreviousExperimentProvider
1507685486163	addons.manager	DEBUG	Registering shutdown blocker for PreviousExperimentProvider
1507685486163	addons.manager	DEBUG	Provider finished startup: PreviousExperimentProvider
1507685486189	DeferredSave.extensions.json	DEBUG	Write succeeded
1507685486189	addons.xpi-utils	DEBUG	XPI Database saved, setting schema version preference to 19
1507685486197	DeferredSave.addons.json	DEBUG	Starting write
1507685486213	DeferredSave.addons.json	DEBUG	Write succeeded
2017-10-11 09:31:27.438 plugin-container[58431:1355233] *** CFMessagePort: bootstrap_register(): failed 1100 (0x44c) &apos;Permission denied&apos;, port = 0x9533, name = &apos;com.apple.tsm.portname&apos;
See /usr/include/servers/bootstrap_defs.h for the error codes.
2017-10-11 09:31:27.441 plugin-container[58431:1355233] *** CFMessagePort: bootstrap_register(): failed 1100 (0x44c) &apos;Permission denied&apos;, port = 0x9803, name = &apos;com.apple.CFPasteboardClient&apos;
See /usr/include/servers/bootstrap_defs.h for the error codes.

Build info: version: &apos;2.46.0&apos;, revision: &apos;61506a4624b13675f24581e453592342b7485d71&apos;, time: &apos;2015-06-04 10:22:50&apos;
System info: host: &apos;jianxu-mn2&apos;, ip: &apos;192.168.92.113&apos;, os.name: &apos;Mac OS X&apos;, os.arch: &apos;x86_64&apos;, os.version: &apos;10.12.3&apos;, java.version: &apos;1.8.0_40&apos;
Driver info: driver.version: FirefoxDriver" type="org.openqa.selenium.WebDriverException">org.openqa.selenium.WebDriverException: Failed to connect to binary FirefoxBinary(/Applications/Firefox.app/Contents/MacOS/firefox-bin) on port 7055; process output follows: 
e,&quot;hasBinaryComponents&quot;:false,&quot;strictCompatibility&quot;:true,&quot;locales&quot;:[],&quot;targetApplications&quot;:[{&quot;id&quot;:&quot;{ec8030f7-c20a-464f-9b0e-13a3a9e97384}&quot;,&quot;minVersion&quot;:&quot;53.0.2&quot;,&quot;maxVersion&quot;:&quot;53.0.2&quot;}],&quot;targetPlatforms&quot;:[],&quot;seen&quot;:true,&quot;dependencies&quot;:[],&quot;hasEmbeddedWebExtension&quot;:false,&quot;userPermissions&quot;:null}
1507685485721	addons.xpi	DEBUG	getModTime: Recursive scan of {972ce4c6-7e08-4474-a285-3208198ce6fd}
1507685485721	DeferredSave.extensions.json	DEBUG	Save changes
1507685485721	addons.xpi	DEBUG	Updating database with changes to installed add-ons
1507685485721	addons.xpi-utils	DEBUG	Updating add-on states
1507685485722	addons.xpi-utils	DEBUG	Writing add-ons list
1507685485723	addons.xpi	DEBUG	Registering manifest for /Applications/Firefox.app/Contents/Resources/browser/features/aushelper@mozilla.org.xpi
1507685485723	addons.xpi	DEBUG	Calling bootstrap method startup on aushelper@mozilla.org version 2.0
1507685485724	addons.xpi	DEBUG	Registering manifest for /Applications/Firefox.app/Contents/Resources/browser/features/e10srollout@mozilla.org.xpi
1507685485724	addons.xpi	DEBUG	Calling bootstrap method startup on e10srollout@mozilla.org version 1.14
1507685485725	addons.xpi	DEBUG	Registering manifest for /Applications/Firefox.app/Contents/Resources/browser/features/firefox@getpocket.com.xpi
1507685485725	addons.xpi	DEBUG	Calling bootstrap method startup on firefox@getpocket.com version 1.0.5
1507685485726	addons.xpi	DEBUG	Registering manifest for /Applications/Firefox.app/Contents/Resources/browser/features/webcompat@mozilla.org.xpi
1507685485726	addons.xpi	DEBUG	Calling bootstrap method startup on webcompat@mozilla.org version 1.0
1507685485728	addons.manager	DEBUG	Registering shutdown blocker for XPIProvider
1507685485728	addons.manager	DEBUG	Provider finished startup: XPIProvider
1507685485729	addons.manager	DEBUG	Starting provider: LightweightThemeManager
1507685485729	addons.manager	DEBUG	Registering shutdown blocker for LightweightThemeManager
1507685485730	addons.manager	DEBUG	Provider finished startup: LightweightThemeManager
1507685485730	addons.manager	DEBUG	Starting provider: GMPProvider
1507685485733	addons.manager	DEBUG	Registering shutdown blocker for GMPProvider
1507685485734	addons.manager	DEBUG	Provider finished startup: GMPProvider
1507685485734	addons.manager	DEBUG	Starting provider: PluginProvider
1507685485734	addons.manager	DEBUG	Registering shutdown blocker for PluginProvider
1507685485734	addons.manager	DEBUG	Provider finished startup: PluginProvider
1507685485734	addons.manager	DEBUG	Completed startup sequence
1507685486042	addons.manager	DEBUG	Starting provider: &lt;unnamed-provider&gt;
1507685486042	addons.manager	DEBUG	Registering shutdown blocker for &lt;unnamed-provider&gt;
1507685486042	addons.manager	DEBUG	Provider finished startup: &lt;unnamed-provider&gt;
1507685486047	DeferredSave.extensions.json	DEBUG	Starting write
1507685486135	addons.repository	DEBUG	No addons.json found.
1507685486135	DeferredSave.addons.json	DEBUG	Save changes
1507685486138	DeferredSave.addons.json	DEBUG	Starting timer
1507685486163	addons.manager	DEBUG	Starting provider: PreviousExperimentProvider
1507685486163	addons.manager	DEBUG	Registering shutdown blocker for PreviousExperimentProvider
1507685486163	addons.manager	DEBUG	Provider finished startup: PreviousExperimentProvider
1507685486189	DeferredSave.extensions.json	DEBUG	Write succeeded
1507685486189	addons.xpi-utils	DEBUG	XPI Database saved, setting schema version preference to 19
1507685486197	DeferredSave.addons.json	DEBUG	Starting write
1507685486213	DeferredSave.addons.json	DEBUG	Write succeeded
2017-10-11 09:31:27.438 plugin-container[58431:1355233] *** CFMessagePort: bootstrap_register(): failed 1100 (0x44c) &apos;Permission denied&apos;, port = 0x9533, name = &apos;com.apple.tsm.portname&apos;
See /usr/include/servers/bootstrap_defs.h for the error codes.
2017-10-11 09:31:27.441 plugin-container[58431:1355233] *** CFMessagePort: bootstrap_register(): failed 1100 (0x44c) &apos;Permission denied&apos;, port = 0x9803, name = &apos;com.apple.CFPasteboardClient&apos;
See /usr/include/servers/bootstrap_defs.h for the error codes.

Build info: version: &apos;2.46.0&apos;, revision: &apos;61506a4624b13675f24581e453592342b7485d71&apos;, time: &apos;2015-06-04 10:22:50&apos;
System info: host: &apos;jianxu-mn2&apos;, ip: &apos;192.168.92.113&apos;, os.name: &apos;Mac OS X&apos;, os.arch: &apos;x86_64&apos;, os.version: &apos;10.12.3&apos;, java.version: &apos;1.8.0_40&apos;
Driver info: driver.version: FirefoxDriver
	at org.openqa.selenium.firefox.internal.NewProfileExtensionConnection.start(NewProfileExtensionConnection.java:132)
	at org.openqa.selenium.firefox.FirefoxDriver.startClient(FirefoxDriver.java:275)
	at org.openqa.selenium.remote.RemoteWebDriver.&lt;init&gt;(RemoteWebDriver.java:116)
	at org.openqa.selenium.firefox.FirefoxDriver.&lt;init&gt;(FirefoxDriver.java:220)
	at org.openqa.selenium.firefox.FirefoxDriver.&lt;init&gt;(FirefoxDriver.java:215)
	at org.openqa.selenium.firefox.FirefoxDriver.&lt;init&gt;(FirefoxDriver.java:211)
	at org.openqa.selenium.firefox.FirefoxDriver.&lt;init&gt;(FirefoxDriver.java:124)
	at com.packtpub.mastering.selenium.steps.ConversionStepDefs.I_want_to_convert_degree_Fahrenheit_to_Celsius(ConversionStepDefs.java:26)
	at ✽.Given I want to  convert 98.6 degree Fahrenheit to Celsius(com/packtpub/mastering/selenium/Conversion.feature:8)
Caused by: org.openqa.selenium.firefox.NotConnectedException: Unable to connect to host 127.0.0.1 on port 7055 after 45000 ms. Firefox console output:
e,&quot;hasBinaryComponents&quot;:false,&quot;strictCompatibility&quot;:true,&quot;locales&quot;:[],&quot;targetApplications&quot;:[{&quot;id&quot;:&quot;{ec8030f7-c20a-464f-9b0e-13a3a9e97384}&quot;,&quot;minVersion&quot;:&quot;53.0.2&quot;,&quot;maxVersion&quot;:&quot;53.0.2&quot;}],&quot;targetPlatforms&quot;:[],&quot;seen&quot;:true,&quot;dependencies&quot;:[],&quot;hasEmbeddedWebExtension&quot;:false,&quot;userPermissions&quot;:null}
1507685485721	addons.xpi	DEBUG	getModTime: Recursive scan of {972ce4c6-7e08-4474-a285-3208198ce6fd}
1507685485721	DeferredSave.extensions.json	DEBUG	Save changes
1507685485721	addons.xpi	DEBUG	Updating database with changes to installed add-ons
1507685485721	addons.xpi-utils	DEBUG	Updating add-on states
1507685485722	addons.xpi-utils	DEBUG	Writing add-ons list
1507685485723	addons.xpi	DEBUG	Registering manifest for /Applications/Firefox.app/Contents/Resources/browser/features/aushelper@mozilla.org.xpi
1507685485723	addons.xpi	DEBUG	Calling bootstrap method startup on aushelper@mozilla.org version 2.0
1507685485724	addons.xpi	DEBUG	Registering manifest for /Applications/Firefox.app/Contents/Resources/browser/features/e10srollout@mozilla.org.xpi
1507685485724	addons.xpi	DEBUG	Calling bootstrap method startup on e10srollout@mozilla.org version 1.14
1507685485725	addons.xpi	DEBUG	Registering manifest for /Applications/Firefox.app/Contents/Resources/browser/features/firefox@getpocket.com.xpi
1507685485725	addons.xpi	DEBUG	Calling bootstrap method startup on firefox@getpocket.com version 1.0.5
1507685485726	addons.xpi	DEBUG	Registering manifest for /Applications/Firefox.app/Contents/Resources/browser/features/webcompat@mozilla.org.xpi
1507685485726	addons.xpi	DEBUG	Calling bootstrap method startup on webcompat@mozilla.org version 1.0
1507685485728	addons.manager	DEBUG	Registering shutdown blocker for XPIProvider
1507685485728	addons.manager	DEBUG	Provider finished startup: XPIProvider
1507685485729	addons.manager	DEBUG	Starting provider: LightweightThemeManager
1507685485729	addons.manager	DEBUG	Registering shutdown blocker for LightweightThemeManager
1507685485730	addons.manager	DEBUG	Provider finished startup: LightweightThemeManager
1507685485730	addons.manager	DEBUG	Starting provider: GMPProvider
1507685485733	addons.manager	DEBUG	Registering shutdown blocker for GMPProvider
1507685485734	addons.manager	DEBUG	Provider finished startup: GMPProvider
1507685485734	addons.manager	DEBUG	Starting provider: PluginProvider
1507685485734	addons.manager	DEBUG	Registering shutdown blocker for PluginProvider
1507685485734	addons.manager	DEBUG	Provider finished startup: PluginProvider
1507685485734	addons.manager	DEBUG	Completed startup sequence
1507685486042	addons.manager	DEBUG	Starting provider: &lt;unnamed-provider&gt;
1507685486042	addons.manager	DEBUG	Registering shutdown blocker for &lt;unnamed-provider&gt;
1507685486042	addons.manager	DEBUG	Provider finished startup: &lt;unnamed-provider&gt;
1507685486047	DeferredSave.extensions.json	DEBUG	Starting write
1507685486135	addons.repository	DEBUG	No addons.json found.
1507685486135	DeferredSave.addons.json	DEBUG	Save changes
1507685486138	DeferredSave.addons.json	DEBUG	Starting timer
1507685486163	addons.manager	DEBUG	Starting provider: PreviousExperimentProvider
1507685486163	addons.manager	DEBUG	Registering shutdown blocker for PreviousExperimentProvider
1507685486163	addons.manager	DEBUG	Provider finished startup: PreviousExperimentProvider
1507685486189	DeferredSave.extensions.json	DEBUG	Write succeeded
1507685486189	addons.xpi-utils	DEBUG	XPI Database saved, setting schema version preference to 19
1507685486197	DeferredSave.addons.json	DEBUG	Starting write
1507685486213	DeferredSave.addons.json	DEBUG	Write succeeded
2017-10-11 09:31:27.438 plugin-container[58431:1355233] *** CFMessagePort: bootstrap_register(): failed 1100 (0x44c) &apos;Permission denied&apos;, port = 0x9533, name = &apos;com.apple.tsm.portname&apos;
See /usr/include/servers/bootstrap_defs.h for the error codes.
2017-10-11 09:31:27.441 plugin-container[58431:1355233] *** CFMessagePort: bootstrap_register(): failed 1100 (0x44c) &apos;Permission denied&apos;, port = 0x9803, name = &apos;com.apple.CFPasteboardClient&apos;
See /usr/include/servers/bootstrap_defs.h for the error codes.

	at org.openqa.selenium.firefox.internal.NewProfileExtensionConnection.start(NewProfileExtensionConnection.java:120)
	at org.openqa.selenium.firefox.FirefoxDriver.startClient(FirefoxDriver.java:275)
	at org.openqa.selenium.remote.RemoteWebDriver.&lt;init&gt;(RemoteWebDriver.java:116)
	at org.openqa.selenium.firefox.FirefoxDriver.&lt;init&gt;(FirefoxDriver.java:220)
	at org.openqa.selenium.firefox.FirefoxDriver.&lt;init&gt;(FirefoxDriver.java:215)
	at org.openqa.selenium.firefox.FirefoxDriver.&lt;init&gt;(FirefoxDriver.java:211)
	at org.openqa.selenium.firefox.FirefoxDriver.&lt;init&gt;(FirefoxDriver.java:124)
	at com.packtpub.mastering.selenium.steps.ConversionStepDefs.I_want_to_convert_degree_Fahrenheit_to_Celsius(ConversionStepDefs.java:26)
	at sun.reflect.NativeMethodAccessorImpl.invoke0(Native Method)
	at sun.reflect.NativeMethodAccessorImpl.invoke(NativeMethodAccessorImpl.java:62)
	at sun.reflect.DelegatingMethodAccessorImpl.invoke(DelegatingMethodAccessorImpl.java:43)
	at java.lang.reflect.Method.invoke(Method.java:497)
	at cucumber.runtime.Utils$1.call(Utils.java:40)
	at cucumber.runtime.Timeout.timeout(Timeout.java:12)
	at cucumber.runtime.Utils.invoke(Utils.java:36)
	at cucumber.runtime.java.JavaStepDefinition.execute(JavaStepDefinition.java:35)
	at cucumber.runtime.StepDefinitionMatch.runStep(StepDefinitionMatch.java:38)
	at cucumber.runtime.Runtime.runStep(Runtime.java:267)
	at cucumber.runtime.model.StepContainer.runStep(StepContainer.java:44)
	at cucumber.runtime.model.StepContainer.runSteps(StepContainer.java:39)
	at cucumber.runtime.model.CucumberScenario.run(CucumberScenario.java:36)
	at cucumber.junit.ExecutionUnitRunner.run(ExecutionUnitRunner.java:76)
	at cucumber.junit.FeatureRunner.runChild(FeatureRunner.java:65)
	at cucumber.junit.FeatureRunner.runChild(FeatureRunner.java:20)
	at org.junit.runners.ParentRunner$3.run(ParentRunner.java:238)
	at org.junit.runners.ParentRunner$1.schedule(ParentRunner.java:63)
	at org.junit.runners.ParentRunner.runChildren(ParentRunner.java:236)
	at org.junit.runners.ParentRunner.access$000(ParentRunner.java:53)
	at org.junit.runners.ParentRunner$2.evaluate(ParentRunner.java:229)
	at org.junit.runners.ParentRunner.run(ParentRunner.java:309)
	at cucumber.junit.FeatureRunner.run(FeatureRunner.java:72)
	at cucumber.junit.Cucumber.runChild(Cucumber.java:76)
	at cucumber.junit.Cucumber.runChild(Cucumber.java:36)
	at org.junit.runners.ParentRunner$3.run(ParentRunner.java:238)
	at org.junit.runners.ParentRunner$1.schedule(ParentRunner.java:63)
	at org.junit.runners.ParentRunner.runChildren(ParentRunner.java:236)
	at org.junit.runners.ParentRunner.access$000(ParentRunner.java:53)
	at org.junit.runners.ParentRunner$2.evaluate(ParentRunner.java:229)
	at org.junit.runners.ParentRunner.run(ParentRunner.java:309)
	at cucumber.junit.Cucumber.run(Cucumber.java:81)
	at org.apache.maven.surefire.junit4.JUnit4Provider.execute(JUnit4Provider.java:252)
	at org.apache.maven.surefire.junit4.JUnit4Provider.executeTestSet(JUnit4Provider.java:141)
	at org.apache.maven.surefire.junit4.JUnit4Provider.invoke(JUnit4Provider.java:112)
	at sun.reflect.NativeMethodAccessorImpl.invoke0(Native Method)
	at sun.reflect.NativeMethodAccessorImpl.invoke(NativeMethodAccessorImpl.java:62)
	at sun.reflect.DelegatingMethodAccessorImpl.invoke(DelegatingMethodAccessorImpl.java:43)
	at java.lang.reflect.Method.invoke(Method.java:497)
	at org.apache.maven.surefire.util.ReflectionUtils.invokeMethodWithArray(ReflectionUtils.java:189)
	at org.apache.maven.surefire.booter.ProviderFactory$ProviderProxy.invoke(ProviderFactory.java:165)
	at org.apache.maven.surefire.booter.ProviderFactory.invokeProvider(ProviderFactory.java:85)
	at org.apache.maven.surefire.booter.ForkedBooter.runSuitesInProcess(ForkedBooter.java:115)
	at org.apache.maven.surefire.booter.ForkedBooter.main(ForkedBooter.java:75)
</error>
    <system-out>Feature: Convert between different unit of temperatures
  
  Formula: C/5 = (F - 32)/9
  C = 5(F - 32)/9 = 5(98.6 - 32 =)/9  = 37

  Scenario: Convert  to Celsius from  Fahrenheit               &amp;#27;[90m# com/packtpub/mastering/selenium/Conversion.feature:6&amp;#27;[0m
    &amp;#27;[90mGiven &amp;#27;[0m&amp;#27;[90mI want to  convert &amp;#27;[0m&amp;#27;[90m&amp;#27;[1m98&amp;#27;[0m&amp;#27;[90m.&amp;#27;[0m&amp;#27;[90m&amp;#27;[1m6&amp;#27;[0m&amp;#27;[90m degree Fahrenheit to Celsius&amp;#27;[0m &amp;#27;[90m# ConversionStepDefs.I_want_to_convert_degree_Fahrenheit_to_Celsius(int,int)&amp;#27;[0m
</system-out>
    <system-err>org.openqa.selenium.firefox.NotConnectedException: Unable to connect to host 127.0.0.1 on port 7055 after 45000 ms. Firefox console output:
e,&quot;hasBinaryComponents&quot;:false,&quot;strictCompatibility&quot;:true,&quot;locales&quot;:[],&quot;targetApplications&quot;:[{&quot;id&quot;:&quot;{ec8030f7-c20a-464f-9b0e-13a3a9e97384}&quot;,&quot;minVersion&quot;:&quot;53.0.2&quot;,&quot;maxVersion&quot;:&quot;53.0.2&quot;}],&quot;targetPlatforms&quot;:[],&quot;seen&quot;:true,&quot;dependencies&quot;:[],&quot;hasEmbeddedWebExtension&quot;:false,&quot;userPermissions&quot;:null}
1507685485721	addons.xpi	DEBUG	getModTime: Recursive scan of {972ce4c6-7e08-4474-a285-3208198ce6fd}
1507685485721	DeferredSave.extensions.json	DEBUG	Save changes
1507685485721	addons.xpi	DEBUG	Updating database with changes to installed add-ons
1507685485721	addons.xpi-utils	DEBUG	Updating add-on states
1507685485722	addons.xpi-utils	DEBUG	Writing add-ons list
1507685485723	addons.xpi	DEBUG	Registering manifest for /Applications/Firefox.app/Contents/Resources/browser/features/aushelper@mozilla.org.xpi
1507685485723	addons.xpi	DEBUG	Calling bootstrap method startup on aushelper@mozilla.org version 2.0
1507685485724	addons.xpi	DEBUG	Registering manifest for /Applications/Firefox.app/Contents/Resources/browser/features/e10srollout@mozilla.org.xpi
1507685485724	addons.xpi	DEBUG	Calling bootstrap method startup on e10srollout@mozilla.org version 1.14
1507685485725	addons.xpi	DEBUG	Registering manifest for /Applications/Firefox.app/Contents/Resources/browser/features/firefox@getpocket.com.xpi
1507685485725	addons.xpi	DEBUG	Calling bootstrap method startup on firefox@getpocket.com version 1.0.5
1507685485726	addons.xpi	DEBUG	Registering manifest for /Applications/Firefox.app/Contents/Resources/browser/features/webcompat@mozilla.org.xpi
1507685485726	addons.xpi	DEBUG	Calling bootstrap method startup on webcompat@mozilla.org version 1.0
1507685485728	addons.manager	DEBUG	Registering shutdown blocker for XPIProvider
1507685485728	addons.manager	DEBUG	Provider finished startup: XPIProvider
1507685485729	addons.manager	DEBUG	Starting provider: LightweightThemeManager
1507685485729	addons.manager	DEBUG	Registering shutdown blocker for LightweightThemeManager
1507685485730	addons.manager	DEBUG	Provider finished startup: LightweightThemeManager
1507685485730	addons.manager	DEBUG	Starting provider: GMPProvider
1507685485733	addons.manager	DEBUG	Registering shutdown blocker for GMPProvider
1507685485734	addons.manager	DEBUG	Provider finished startup: GMPProvider
1507685485734	addons.manager	DEBUG	Starting provider: PluginProvider
1507685485734	addons.manager	DEBUG	Registering shutdown blocker for PluginProvider
1507685485734	addons.manager	DEBUG	Provider finished startup: PluginProvider
1507685485734	addons.manager	DEBUG	Completed startup sequence
1507685486042	addons.manager	DEBUG	Starting provider: &lt;unnamed-provider&gt;
1507685486042	addons.manager	DEBUG	Registering shutdown blocker for &lt;unnamed-provider&gt;
1507685486042	addons.manager	DEBUG	Provider finished startup: &lt;unnamed-provider&gt;
1507685486047	DeferredSave.extensions.json	DEBUG	Starting write
1507685486135	addons.repository	DEBUG	No addons.json found.
1507685486135	DeferredSave.addons.json	DEBUG	Save changes
1507685486138	DeferredSave.addons.json	DEBUG	Starting timer
1507685486163	addons.manager	DEBUG	Starting provider: PreviousExperimentProvider
1507685486163	addons.manager	DEBUG	Registering shutdown blocker for PreviousExperimentProvider
1507685486163	addons.manager	DEBUG	Provider finished startup: PreviousExperimentProvider
1507685486189	DeferredSave.extensions.json	DEBUG	Write succeeded
1507685486189	addons.xpi-utils	DEBUG	XPI Database saved, setting schema version preference to 19
1507685486197	DeferredSave.addons.json	DEBUG	Starting write
1507685486213	DeferredSave.addons.json	DEBUG	Write succeeded
2017-10-11 09:31:27.438 plugin-container[58431:1355233] *** CFMessagePort: bootstrap_register(): failed 1100 (0x44c) &apos;Permission denied&apos;, port = 0x9533, name = &apos;com.apple.tsm.portname&apos;
See /usr/include/servers/bootstrap_defs.h for the error codes.
2017-10-11 09:31:27.441 plugin-container[58431:1355233] *** CFMessagePort: bootstrap_register(): failed 1100 (0x44c) &apos;Permission denied&apos;, port = 0x9803, name = &apos;com.apple.CFPasteboardClient&apos;
See /usr/include/servers/bootstrap_defs.h for the error codes.

	at org.openqa.selenium.firefox.internal.NewProfileExtensionConnection.start(NewProfileExtensionConnection.java:120)
	at org.openqa.selenium.firefox.FirefoxDriver.startClient(FirefoxDriver.java:275)
	at org.openqa.selenium.remote.RemoteWebDriver.&lt;init&gt;(RemoteWebDriver.java:116)
	at org.openqa.selenium.firefox.FirefoxDriver.&lt;init&gt;(FirefoxDriver.java:220)
	at org.openqa.selenium.firefox.FirefoxDriver.&lt;init&gt;(FirefoxDriver.java:215)
	at org.openqa.selenium.firefox.FirefoxDriver.&lt;init&gt;(FirefoxDriver.java:211)
	at org.openqa.selenium.firefox.FirefoxDriver.&lt;init&gt;(FirefoxDriver.java:124)
	at com.packtpub.mastering.selenium.steps.ConversionStepDefs.I_want_to_convert_degree_Fahrenheit_to_Celsius(ConversionStepDefs.java:26)
	at sun.reflect.NativeMethodAccessorImpl.invoke0(Native Method)
	at sun.reflect.NativeMethodAccessorImpl.invoke(NativeMethodAccessorImpl.java:62)
	at sun.reflect.DelegatingMethodAccessorImpl.invoke(DelegatingMethodAccessorImpl.java:43)
	at java.lang.reflect.Method.invoke(Method.java:497)
	at cucumber.runtime.Utils$1.call(Utils.java:40)
	at cucumber.runtime.Timeout.timeout(Timeout.java:12)
	at cucumber.runtime.Utils.invoke(Utils.java:36)
	at cucumber.runtime.java.JavaStepDefinition.execute(JavaStepDefinition.java:35)
	at cucumber.runtime.StepDefinitionMatch.runStep(StepDefinitionMatch.java:38)
	at cucumber.runtime.Runtime.runStep(Runtime.java:267)
	at cucumber.runtime.model.StepContainer.runStep(StepContainer.java:44)
	at cucumber.runtime.model.StepContainer.runSteps(StepContainer.java:39)
	at cucumber.runtime.model.CucumberScenario.run(CucumberScenario.java:36)
	at cucumber.junit.ExecutionUnitRunner.run(ExecutionUnitRunner.java:76)
	at cucumber.junit.FeatureRunner.runChild(FeatureRunner.java:65)
	at cucumber.junit.FeatureRunner.runChild(FeatureRunner.java:20)
	at org.junit.runners.ParentRunner$3.run(ParentRunner.java:238)
	at org.junit.runners.ParentRunner$1.schedule(ParentRunner.java:63)
	at org.junit.runners.ParentRunner.runChildren(ParentRunner.java:236)
	at org.junit.runners.ParentRunner.access$000(ParentRunner.java:53)
	at org.junit.runners.ParentRunner$2.evaluate(ParentRunner.java:229)
	at org.junit.runners.ParentRunner.run(ParentRunner.java:309)
	at cucumber.junit.FeatureRunner.run(FeatureRunner.java:72)
	at cucumber.junit.Cucumber.runChild(Cucumber.java:76)
	at cucumber.junit.Cucumber.runChild(Cucumber.java:36)
	at org.junit.runners.ParentRunner$3.run(ParentRunner.java:238)
	at org.junit.runners.ParentRunner$1.schedule(ParentRunner.java:63)
	at org.junit.runners.ParentRunner.runChildren(ParentRunner.java:236)
	at org.junit.runners.ParentRunner.access$000(ParentRunner.java:53)
	at org.junit.runners.ParentRunner$2.evaluate(ParentRunner.java:229)
	at org.junit.runners.ParentRunner.run(ParentRunner.java:309)
	at cucumber.junit.Cucumber.run(Cucumber.java:81)
	at org.apache.maven.surefire.junit4.JUnit4Provider.execute(JUnit4Provider.java:252)
	at org.apache.maven.surefire.junit4.JUnit4Provider.executeTestSet(JUnit4Provider.java:141)
	at org.apache.maven.surefire.junit4.JUnit4Provider.invoke(JUnit4Provider.java:112)
	at sun.reflect.NativeMethodAccessorImpl.invoke0(Native Method)
	at sun.reflect.NativeMethodAccessorImpl.invoke(NativeMethodAccessorImpl.java:62)
	at sun.reflect.DelegatingMethodAccessorImpl.invoke(DelegatingMethodAccessorImpl.java:43)
	at java.lang.reflect.Method.invoke(Method.java:497)
	at org.apache.maven.surefire.util.ReflectionUtils.invokeMethodWithArray(ReflectionUtils.java:189)
	at org.apache.maven.surefire.booter.ProviderFactory$ProviderProxy.invoke(ProviderFactory.java:165)
	at org.apache.maven.surefire.booter.ProviderFactory.invokeProvider(ProviderFactory.java:85)
	at org.apache.maven.surefire.booter.ForkedBooter.runSuitesInProcess(ForkedBooter.java:115)
	at org.apache.maven.surefire.booter.ForkedBooter.main(ForkedBooter.java:75)
</system-err>
  </testcase>
  <testcase classname="Scenario: Convert  to Celsius from  Fahrenheit  " name="Scenario: Convert  to Celsius from  Fahrenheit  " time="0.009">
    <error message="Failed to connect to binary FirefoxBinary(/Applications/Firefox.app/Contents/MacOS/firefox-bin) on port 7055; process output follows: 
e,&quot;hasBinaryComponents&quot;:false,&quot;strictCompatibility&quot;:true,&quot;locales&quot;:[],&quot;targetApplications&quot;:[{&quot;id&quot;:&quot;{ec8030f7-c20a-464f-9b0e-13a3a9e97384}&quot;,&quot;minVersion&quot;:&quot;53.0.2&quot;,&quot;maxVersion&quot;:&quot;53.0.2&quot;}],&quot;targetPlatforms&quot;:[],&quot;seen&quot;:true,&quot;dependencies&quot;:[],&quot;hasEmbeddedWebExtension&quot;:false,&quot;userPermissions&quot;:null}
1507685485721	addons.xpi	DEBUG	getModTime: Recursive scan of {972ce4c6-7e08-4474-a285-3208198ce6fd}
1507685485721	DeferredSave.extensions.json	DEBUG	Save changes
1507685485721	addons.xpi	DEBUG	Updating database with changes to installed add-ons
1507685485721	addons.xpi-utils	DEBUG	Updating add-on states
1507685485722	addons.xpi-utils	DEBUG	Writing add-ons list
1507685485723	addons.xpi	DEBUG	Registering manifest for /Applications/Firefox.app/Contents/Resources/browser/features/aushelper@mozilla.org.xpi
1507685485723	addons.xpi	DEBUG	Calling bootstrap method startup on aushelper@mozilla.org version 2.0
1507685485724	addons.xpi	DEBUG	Registering manifest for /Applications/Firefox.app/Contents/Resources/browser/features/e10srollout@mozilla.org.xpi
1507685485724	addons.xpi	DEBUG	Calling bootstrap method startup on e10srollout@mozilla.org version 1.14
1507685485725	addons.xpi	DEBUG	Registering manifest for /Applications/Firefox.app/Contents/Resources/browser/features/firefox@getpocket.com.xpi
1507685485725	addons.xpi	DEBUG	Calling bootstrap method startup on firefox@getpocket.com version 1.0.5
1507685485726	addons.xpi	DEBUG	Registering manifest for /Applications/Firefox.app/Contents/Resources/browser/features/webcompat@mozilla.org.xpi
1507685485726	addons.xpi	DEBUG	Calling bootstrap method startup on webcompat@mozilla.org version 1.0
1507685485728	addons.manager	DEBUG	Registering shutdown blocker for XPIProvider
1507685485728	addons.manager	DEBUG	Provider finished startup: XPIProvider
1507685485729	addons.manager	DEBUG	Starting provider: LightweightThemeManager
1507685485729	addons.manager	DEBUG	Registering shutdown blocker for LightweightThemeManager
1507685485730	addons.manager	DEBUG	Provider finished startup: LightweightThemeManager
1507685485730	addons.manager	DEBUG	Starting provider: GMPProvider
1507685485733	addons.manager	DEBUG	Registering shutdown blocker for GMPProvider
1507685485734	addons.manager	DEBUG	Provider finished startup: GMPProvider
1507685485734	addons.manager	DEBUG	Starting provider: PluginProvider
1507685485734	addons.manager	DEBUG	Registering shutdown blocker for PluginProvider
1507685485734	addons.manager	DEBUG	Provider finished startup: PluginProvider
1507685485734	addons.manager	DEBUG	Completed startup sequence
1507685486042	addons.manager	DEBUG	Starting provider: &lt;unnamed-provider&gt;
1507685486042	addons.manager	DEBUG	Registering shutdown blocker for &lt;unnamed-provider&gt;
1507685486042	addons.manager	DEBUG	Provider finished startup: &lt;unnamed-provider&gt;
1507685486047	DeferredSave.extensions.json	DEBUG	Starting write
1507685486135	addons.repository	DEBUG	No addons.json found.
1507685486135	DeferredSave.addons.json	DEBUG	Save changes
1507685486138	DeferredSave.addons.json	DEBUG	Starting timer
1507685486163	addons.manager	DEBUG	Starting provider: PreviousExperimentProvider
1507685486163	addons.manager	DEBUG	Registering shutdown blocker for PreviousExperimentProvider
1507685486163	addons.manager	DEBUG	Provider finished startup: PreviousExperimentProvider
1507685486189	DeferredSave.extensions.json	DEBUG	Write succeeded
1507685486189	addons.xpi-utils	DEBUG	XPI Database saved, setting schema version preference to 19
1507685486197	DeferredSave.addons.json	DEBUG	Starting write
1507685486213	DeferredSave.addons.json	DEBUG	Write succeeded
2017-10-11 09:31:27.438 plugin-container[58431:1355233] *** CFMessagePort: bootstrap_register(): failed 1100 (0x44c) &apos;Permission denied&apos;, port = 0x9533, name = &apos;com.apple.tsm.portname&apos;
See /usr/include/servers/bootstrap_defs.h for the error codes.
2017-10-11 09:31:27.441 plugin-container[58431:1355233] *** CFMessagePort: bootstrap_register(): failed 1100 (0x44c) &apos;Permission denied&apos;, port = 0x9803, name = &apos;com.apple.CFPasteboardClient&apos;
See /usr/include/servers/bootstrap_defs.h for the error codes.

Build info: version: &apos;2.46.0&apos;, revision: &apos;61506a4624b13675f24581e453592342b7485d71&apos;, time: &apos;2015-06-04 10:22:50&apos;
System info: host: &apos;jianxu-mn2&apos;, ip: &apos;192.168.92.113&apos;, os.name: &apos;Mac OS X&apos;, os.arch: &apos;x86_64&apos;, os.version: &apos;10.12.3&apos;, java.version: &apos;1.8.0_40&apos;
Driver info: driver.version: FirefoxDriver" type="org.openqa.selenium.WebDriverException">org.openqa.selenium.WebDriverException: Failed to connect to binary FirefoxBinary(/Applications/Firefox.app/Contents/MacOS/firefox-bin) on port 7055; process output follows: 
e,&quot;hasBinaryComponents&quot;:false,&quot;strictCompatibility&quot;:true,&quot;locales&quot;:[],&quot;targetApplications&quot;:[{&quot;id&quot;:&quot;{ec8030f7-c20a-464f-9b0e-13a3a9e97384}&quot;,&quot;minVersion&quot;:&quot;53.0.2&quot;,&quot;maxVersion&quot;:&quot;53.0.2&quot;}],&quot;targetPlatforms&quot;:[],&quot;seen&quot;:true,&quot;dependencies&quot;:[],&quot;hasEmbeddedWebExtension&quot;:false,&quot;userPermissions&quot;:null}
1507685485721	addons.xpi	DEBUG	getModTime: Recursive scan of {972ce4c6-7e08-4474-a285-3208198ce6fd}
1507685485721	DeferredSave.extensions.json	DEBUG	Save changes
1507685485721	addons.xpi	DEBUG	Updating database with changes to installed add-ons
1507685485721	addons.xpi-utils	DEBUG	Updating add-on states
1507685485722	addons.xpi-utils	DEBUG	Writing add-ons list
1507685485723	addons.xpi	DEBUG	Registering manifest for /Applications/Firefox.app/Contents/Resources/browser/features/aushelper@mozilla.org.xpi
1507685485723	addons.xpi	DEBUG	Calling bootstrap method startup on aushelper@mozilla.org version 2.0
1507685485724	addons.xpi	DEBUG	Registering manifest for /Applications/Firefox.app/Contents/Resources/browser/features/e10srollout@mozilla.org.xpi
1507685485724	addons.xpi	DEBUG	Calling bootstrap method startup on e10srollout@mozilla.org version 1.14
1507685485725	addons.xpi	DEBUG	Registering manifest for /Applications/Firefox.app/Contents/Resources/browser/features/firefox@getpocket.com.xpi
1507685485725	addons.xpi	DEBUG	Calling bootstrap method startup on firefox@getpocket.com version 1.0.5
1507685485726	addons.xpi	DEBUG	Registering manifest for /Applications/Firefox.app/Contents/Resources/browser/features/webcompat@mozilla.org.xpi
1507685485726	addons.xpi	DEBUG	Calling bootstrap method startup on webcompat@mozilla.org version 1.0
1507685485728	addons.manager	DEBUG	Registering shutdown blocker for XPIProvider
1507685485728	addons.manager	DEBUG	Provider finished startup: XPIProvider
1507685485729	addons.manager	DEBUG	Starting provider: LightweightThemeManager
1507685485729	addons.manager	DEBUG	Registering shutdown blocker for LightweightThemeManager
1507685485730	addons.manager	DEBUG	Provider finished startup: LightweightThemeManager
1507685485730	addons.manager	DEBUG	Starting provider: GMPProvider
1507685485733	addons.manager	DEBUG	Registering shutdown blocker for GMPProvider
1507685485734	addons.manager	DEBUG	Provider finished startup: GMPProvider
1507685485734	addons.manager	DEBUG	Starting provider: PluginProvider
1507685485734	addons.manager	DEBUG	Registering shutdown blocker for PluginProvider
1507685485734	addons.manager	DEBUG	Provider finished startup: PluginProvider
1507685485734	addons.manager	DEBUG	Completed startup sequence
1507685486042	addons.manager	DEBUG	Starting provider: &lt;unnamed-provider&gt;
1507685486042	addons.manager	DEBUG	Registering shutdown blocker for &lt;unnamed-provider&gt;
1507685486042	addons.manager	DEBUG	Provider finished startup: &lt;unnamed-provider&gt;
1507685486047	DeferredSave.extensions.json	DEBUG	Starting write
1507685486135	addons.repository	DEBUG	No addons.json found.
1507685486135	DeferredSave.addons.json	DEBUG	Save changes
1507685486138	DeferredSave.addons.json	DEBUG	Starting timer
1507685486163	addons.manager	DEBUG	Starting provider: PreviousExperimentProvider
1507685486163	addons.manager	DEBUG	Registering shutdown blocker for PreviousExperimentProvider
1507685486163	addons.manager	DEBUG	Provider finished startup: PreviousExperimentProvider
1507685486189	DeferredSave.extensions.json	DEBUG	Write succeeded
1507685486189	addons.xpi-utils	DEBUG	XPI Database saved, setting schema version preference to 19
1507685486197	DeferredSave.addons.json	DEBUG	Starting write
1507685486213	DeferredSave.addons.json	DEBUG	Write succeeded
2017-10-11 09:31:27.438 plugin-container[58431:1355233] *** CFMessagePort: bootstrap_register(): failed 1100 (0x44c) &apos;Permission denied&apos;, port = 0x9533, name = &apos;com.apple.tsm.portname&apos;
See /usr/include/servers/bootstrap_defs.h for the error codes.
2017-10-11 09:31:27.441 plugin-container[58431:1355233] *** CFMessagePort: bootstrap_register(): failed 1100 (0x44c) &apos;Permission denied&apos;, port = 0x9803, name = &apos;com.apple.CFPasteboardClient&apos;
See /usr/include/servers/bootstrap_defs.h for the error codes.

Build info: version: &apos;2.46.0&apos;, revision: &apos;61506a4624b13675f24581e453592342b7485d71&apos;, time: &apos;2015-06-04 10:22:50&apos;
System info: host: &apos;jianxu-mn2&apos;, ip: &apos;192.168.92.113&apos;, os.name: &apos;Mac OS X&apos;, os.arch: &apos;x86_64&apos;, os.version: &apos;10.12.3&apos;, java.version: &apos;1.8.0_40&apos;
Driver info: driver.version: FirefoxDriver
	at org.openqa.selenium.firefox.internal.NewProfileExtensionConnection.start(NewProfileExtensionConnection.java:132)
	at org.openqa.selenium.firefox.FirefoxDriver.startClient(FirefoxDriver.java:275)
	at org.openqa.selenium.remote.RemoteWebDriver.&lt;init&gt;(RemoteWebDriver.java:116)
	at org.openqa.selenium.firefox.FirefoxDriver.&lt;init&gt;(FirefoxDriver.java:220)
	at org.openqa.selenium.firefox.FirefoxDriver.&lt;init&gt;(FirefoxDriver.java:215)
	at org.openqa.selenium.firefox.FirefoxDriver.&lt;init&gt;(FirefoxDriver.java:211)
	at org.openqa.selenium.firefox.FirefoxDriver.&lt;init&gt;(FirefoxDriver.java:124)
	at com.packtpub.mastering.selenium.steps.ConversionStepDefs.I_want_to_convert_degree_Fahrenheit_to_Celsius(ConversionStepDefs.java:26)
	at ✽.Given I want to  convert 98.6 degree Fahrenheit to Celsius(com/packtpub/mastering/selenium/Conversion.feature:8)
Caused by: org.openqa.selenium.firefox.NotConnectedException: Unable to connect to host 127.0.0.1 on port 7055 after 45000 ms. Firefox console output:
e,&quot;hasBinaryComponents&quot;:false,&quot;strictCompatibility&quot;:true,&quot;locales&quot;:[],&quot;targetApplications&quot;:[{&quot;id&quot;:&quot;{ec8030f7-c20a-464f-9b0e-13a3a9e97384}&quot;,&quot;minVersion&quot;:&quot;53.0.2&quot;,&quot;maxVersion&quot;:&quot;53.0.2&quot;}],&quot;targetPlatforms&quot;:[],&quot;seen&quot;:true,&quot;dependencies&quot;:[],&quot;hasEmbeddedWebExtension&quot;:false,&quot;userPermissions&quot;:null}
1507685485721	addons.xpi	DEBUG	getModTime: Recursive scan of {972ce4c6-7e08-4474-a285-3208198ce6fd}
1507685485721	DeferredSave.extensions.json	DEBUG	Save changes
1507685485721	addons.xpi	DEBUG	Updating database with changes to installed add-ons
1507685485721	addons.xpi-utils	DEBUG	Updating add-on states
1507685485722	addons.xpi-utils	DEBUG	Writing add-ons list
1507685485723	addons.xpi	DEBUG	Registering manifest for /Applications/Firefox.app/Contents/Resources/browser/features/aushelper@mozilla.org.xpi
1507685485723	addons.xpi	DEBUG	Calling bootstrap method startup on aushelper@mozilla.org version 2.0
1507685485724	addons.xpi	DEBUG	Registering manifest for /Applications/Firefox.app/Contents/Resources/browser/features/e10srollout@mozilla.org.xpi
1507685485724	addons.xpi	DEBUG	Calling bootstrap method startup on e10srollout@mozilla.org version 1.14
1507685485725	addons.xpi	DEBUG	Registering manifest for /Applications/Firefox.app/Contents/Resources/browser/features/firefox@getpocket.com.xpi
1507685485725	addons.xpi	DEBUG	Calling bootstrap method startup on firefox@getpocket.com version 1.0.5
1507685485726	addons.xpi	DEBUG	Registering manifest for /Applications/Firefox.app/Contents/Resources/browser/features/webcompat@mozilla.org.xpi
1507685485726	addons.xpi	DEBUG	Calling bootstrap method startup on webcompat@mozilla.org version 1.0
1507685485728	addons.manager	DEBUG	Registering shutdown blocker for XPIProvider
1507685485728	addons.manager	DEBUG	Provider finished startup: XPIProvider
1507685485729	addons.manager	DEBUG	Starting provider: LightweightThemeManager
1507685485729	addons.manager	DEBUG	Registering shutdown blocker for LightweightThemeManager
1507685485730	addons.manager	DEBUG	Provider finished startup: LightweightThemeManager
1507685485730	addons.manager	DEBUG	Starting provider: GMPProvider
1507685485733	addons.manager	DEBUG	Registering shutdown blocker for GMPProvider
1507685485734	addons.manager	DEBUG	Provider finished startup: GMPProvider
1507685485734	addons.manager	DEBUG	Starting provider: PluginProvider
1507685485734	addons.manager	DEBUG	Registering shutdown blocker for PluginProvider
1507685485734	addons.manager	DEBUG	Provider finished startup: PluginProvider
1507685485734	addons.manager	DEBUG	Completed startup sequence
1507685486042	addons.manager	DEBUG	Starting provider: &lt;unnamed-provider&gt;
1507685486042	addons.manager	DEBUG	Registering shutdown blocker for &lt;unnamed-provider&gt;
1507685486042	addons.manager	DEBUG	Provider finished startup: &lt;unnamed-provider&gt;
1507685486047	DeferredSave.extensions.json	DEBUG	Starting write
1507685486135	addons.repository	DEBUG	No addons.json found.
1507685486135	DeferredSave.addons.json	DEBUG	Save changes
1507685486138	DeferredSave.addons.json	DEBUG	Starting timer
1507685486163	addons.manager	DEBUG	Starting provider: PreviousExperimentProvider
1507685486163	addons.manager	DEBUG	Registering shutdown blocker for PreviousExperimentProvider
1507685486163	addons.manager	DEBUG	Provider finished startup: PreviousExperimentProvider
1507685486189	DeferredSave.extensions.json	DEBUG	Write succeeded
1507685486189	addons.xpi-utils	DEBUG	XPI Database saved, setting schema version preference to 19
1507685486197	DeferredSave.addons.json	DEBUG	Starting write
1507685486213	DeferredSave.addons.json	DEBUG	Write succeeded
2017-10-11 09:31:27.438 plugin-container[58431:1355233] *** CFMessagePort: bootstrap_register(): failed 1100 (0x44c) &apos;Permission denied&apos;, port = 0x9533, name = &apos;com.apple.tsm.portname&apos;
See /usr/include/servers/bootstrap_defs.h for the error codes.
2017-10-11 09:31:27.441 plugin-container[58431:1355233] *** CFMessagePort: bootstrap_register(): failed 1100 (0x44c) &apos;Permission denied&apos;, port = 0x9803, name = &apos;com.apple.CFPasteboardClient&apos;
See /usr/include/servers/bootstrap_defs.h for the error codes.

	at org.openqa.selenium.firefox.internal.NewProfileExtensionConnection.start(NewProfileExtensionConnection.java:120)
	at org.openqa.selenium.firefox.FirefoxDriver.startClient(FirefoxDriver.java:275)
	at org.openqa.selenium.remote.RemoteWebDriver.&lt;init&gt;(RemoteWebDriver.java:116)
	at org.openqa.selenium.firefox.FirefoxDriver.&lt;init&gt;(FirefoxDriver.java:220)
	at org.openqa.selenium.firefox.FirefoxDriver.&lt;init&gt;(FirefoxDriver.java:215)
	at org.openqa.selenium.firefox.FirefoxDriver.&lt;init&gt;(FirefoxDriver.java:211)
	at org.openqa.selenium.firefox.FirefoxDriver.&lt;init&gt;(FirefoxDriver.java:124)
	at com.packtpub.mastering.selenium.steps.ConversionStepDefs.I_want_to_convert_degree_Fahrenheit_to_Celsius(ConversionStepDefs.java:26)
	at sun.reflect.NativeMethodAccessorImpl.invoke0(Native Method)
	at sun.reflect.NativeMethodAccessorImpl.invoke(NativeMethodAccessorImpl.java:62)
	at sun.reflect.DelegatingMethodAccessorImpl.invoke(DelegatingMethodAccessorImpl.java:43)
	at java.lang.reflect.Method.invoke(Method.java:497)
	at cucumber.runtime.Utils$1.call(Utils.java:40)
	at cucumber.runtime.Timeout.timeout(Timeout.java:12)
	at cucumber.runtime.Utils.invoke(Utils.java:36)
	at cucumber.runtime.java.JavaStepDefinition.execute(JavaStepDefinition.java:35)
	at cucumber.runtime.StepDefinitionMatch.runStep(StepDefinitionMatch.java:38)
	at cucumber.runtime.Runtime.runStep(Runtime.java:267)
	at cucumber.runtime.model.StepContainer.runStep(StepContainer.java:44)
	at cucumber.runtime.model.StepContainer.runSteps(StepContainer.java:39)
	at cucumber.runtime.model.CucumberScenario.run(CucumberScenario.java:36)
	at cucumber.junit.ExecutionUnitRunner.run(ExecutionUnitRunner.java:76)
	at cucumber.junit.FeatureRunner.runChild(FeatureRunner.java:65)
	at cucumber.junit.FeatureRunner.runChild(FeatureRunner.java:20)
	at org.junit.runners.ParentRunner$3.run(ParentRunner.java:238)
	at org.junit.runners.ParentRunner$1.schedule(ParentRunner.java:63)
	at org.junit.runners.ParentRunner.runChildren(ParentRunner.java:236)
	at org.junit.runners.ParentRunner.access$000(ParentRunner.java:53)
	at org.junit.runners.ParentRunner$2.evaluate(ParentRunner.java:229)
	at org.junit.runners.ParentRunner.run(ParentRunner.java:309)
	at cucumber.junit.FeatureRunner.run(FeatureRunner.java:72)
	at cucumber.junit.Cucumber.runChild(Cucumber.java:76)
	at cucumber.junit.Cucumber.runChild(Cucumber.java:36)
	at org.junit.runners.ParentRunner$3.run(ParentRunner.java:238)
	at org.junit.runners.ParentRunner$1.schedule(ParentRunner.java:63)
	at org.junit.runners.ParentRunner.runChildren(ParentRunner.java:236)
	at org.junit.runners.ParentRunner.access$000(ParentRunner.java:53)
	at org.junit.runners.ParentRunner$2.evaluate(ParentRunner.java:229)
	at org.junit.runners.ParentRunner.run(ParentRunner.java:309)
	at cucumber.junit.Cucumber.run(Cucumber.java:81)
	at org.apache.maven.surefire.junit4.JUnit4Provider.execute(JUnit4Provider.java:252)
	at org.apache.maven.surefire.junit4.JUnit4Provider.executeTestSet(JUnit4Provider.java:141)
	at org.apache.maven.surefire.junit4.JUnit4Provider.invoke(JUnit4Provider.java:112)
	at sun.reflect.NativeMethodAccessorImpl.invoke0(Native Method)
	at sun.reflect.NativeMethodAccessorImpl.invoke(NativeMethodAccessorImpl.java:62)
	at sun.reflect.DelegatingMethodAccessorImpl.invoke(DelegatingMethodAccessorImpl.java:43)
	at java.lang.reflect.Method.invoke(Method.java:497)
	at org.apache.maven.surefire.util.ReflectionUtils.invokeMethodWithArray(ReflectionUtils.java:189)
	at org.apache.maven.surefire.booter.ProviderFactory$ProviderProxy.invoke(ProviderFactory.java:165)
	at org.apache.maven.surefire.booter.ProviderFactory.invokeProvider(ProviderFactory.java:85)
	at org.apache.maven.surefire.booter.ForkedBooter.runSuitesInProcess(ForkedBooter.java:115)
	at org.apache.maven.surefire.booter.ForkedBooter.main(ForkedBooter.java:75)
</error>
  </testcase>
  <testcase classname="When I input the value of Fahrenheit as 98.6 in text field    " name="When I input the value of Fahrenheit as 98.6 in text field    " time="0.091">
    <skipped/>
    <system-out>&amp;#27;[1A    &amp;#27;[31mGiven &amp;#27;[0m&amp;#27;[31mI want to  convert &amp;#27;[0m&amp;#27;[31m&amp;#27;[1m98&amp;#27;[0m&amp;#27;[31m.&amp;#27;[0m&amp;#27;[31m&amp;#27;[1m6&amp;#27;[0m&amp;#27;[31m degree Fahrenheit to Celsius&amp;#27;[0m &amp;#27;[90m# ConversionStepDefs.I_want_to_convert_degree_Fahrenheit_to_Celsius(int,int)&amp;#27;[0m
      &amp;#27;[31morg.openqa.selenium.WebDriverException: Failed to connect to binary FirefoxBinary(/Applications/Firefox.app/Contents/MacOS/firefox-bin) on port 7055; process output follows: 
      e,&quot;hasBinaryComponents&quot;:false,&quot;strictCompatibility&quot;:true,&quot;locales&quot;:[],&quot;targetApplications&quot;:[{&quot;id&quot;:&quot;{ec8030f7-c20a-464f-9b0e-13a3a9e97384}&quot;,&quot;minVersion&quot;:&quot;53.0.2&quot;,&quot;maxVersion&quot;:&quot;53.0.2&quot;}],&quot;targetPlatforms&quot;:[],&quot;seen&quot;:true,&quot;dependencies&quot;:[],&quot;hasEmbeddedWebExtension&quot;:false,&quot;userPermissions&quot;:null}
      1507685485721	addons.xpi	DEBUG	getModTime: Recursive scan of {972ce4c6-7e08-4474-a285-3208198ce6fd}
      1507685485721	DeferredSave.extensions.json	DEBUG	Save changes
      1507685485721	addons.xpi	DEBUG	Updating database with changes to installed add-ons
      1507685485721	addons.xpi-utils	DEBUG	Updating add-on states
      1507685485722	addons.xpi-utils	DEBUG	Writing add-ons list
      1507685485723	addons.xpi	DEBUG	Registering manifest for /Applications/Firefox.app/Contents/Resources/browser/features/aushelper@mozilla.org.xpi
      1507685485723	addons.xpi	DEBUG	Calling bootstrap method startup on aushelper@mozilla.org version 2.0
      1507685485724	addons.xpi	DEBUG	Registering manifest for /Applications/Firefox.app/Contents/Resources/browser/features/e10srollout@mozilla.org.xpi
      1507685485724	addons.xpi	DEBUG	Calling bootstrap method startup on e10srollout@mozilla.org version 1.14
      1507685485725	addons.xpi	DEBUG	Registering manifest for /Applications/Firefox.app/Contents/Resources/browser/features/firefox@getpocket.com.xpi
      1507685485725	addons.xpi	DEBUG	Calling bootstrap method startup on firefox@getpocket.com version 1.0.5
      1507685485726	addons.xpi	DEBUG	Registering manifest for /Applications/Firefox.app/Contents/Resources/browser/features/webcompat@mozilla.org.xpi
      1507685485726	addons.xpi	DEBUG	Calling bootstrap method startup on webcompat@mozilla.org version 1.0
      1507685485728	addons.manager	DEBUG	Registering shutdown blocker for XPIProvider
      1507685485728	addons.manager	DEBUG	Provider finished startup: XPIProvider
      1507685485729	addons.manager	DEBUG	Starting provider: LightweightThemeManager
      1507685485729	addons.manager	DEBUG	Registering shutdown blocker for LightweightThemeManager
      1507685485730	addons.manager	DEBUG	Provider finished startup: LightweightThemeManager
      1507685485730	addons.manager	DEBUG	Starting provider: GMPProvider
      1507685485733	addons.manager	DEBUG	Registering shutdown blocker for GMPProvider
      1507685485734	addons.manager	DEBUG	Provider finished startup: GMPProvider
      1507685485734	addons.manager	DEBUG	Starting provider: PluginProvider
      1507685485734	addons.manager	DEBUG	Registering shutdown blocker for PluginProvider
      1507685485734	addons.manager	DEBUG	Provider finished startup: PluginProvider
      1507685485734	addons.manager	DEBUG	Completed startup sequence
      1507685486042	addons.manager	DEBUG	Starting provider: &lt;unnamed-provider&gt;
      1507685486042	addons.manager	DEBUG	Registering shutdown blocker for &lt;unnamed-provider&gt;
      1507685486042	addons.manager	DEBUG	Provider finished startup: &lt;unnamed-provider&gt;
      1507685486047	DeferredSave.extensions.json	DEBUG	Starting write
      1507685486135	addons.repository	DEBUG	No addons.json found.
      1507685486135	DeferredSave.addons.json	DEBUG	Save changes
      1507685486138	DeferredSave.addons.json	DEBUG	Starting timer
      1507685486163	addons.manager	DEBUG	Starting provider: PreviousExperimentProvider
      1507685486163	addons.manager	DEBUG	Registering shutdown blocker for PreviousExperimentProvider
      1507685486163	addons.manager	DEBUG	Provider finished startup: PreviousExperimentProvider
      1507685486189	DeferredSave.extensions.json	DEBUG	Write succeeded
      1507685486189	addons.xpi-utils	DEBUG	XPI Database saved, setting schema version preference to 19
      1507685486197	DeferredSave.addons.json	DEBUG	Starting write
      1507685486213	DeferredSave.addons.json	DEBUG	Write succeeded
      2017-10-11 09:31:27.438 plugin-container[58431:1355233] *** CFMessagePort: bootstrap_register(): failed 1100 (0x44c) &apos;Permission denied&apos;, port = 0x9533, name = &apos;com.apple.tsm.portname&apos;
      See /usr/include/servers/bootstrap_defs.h for the error codes.
      2017-10-11 09:31:27.441 plugin-container[58431:1355233] *** CFMessagePort: bootstrap_register(): failed 1100 (0x44c) &apos;Permission denied&apos;, port = 0x9803, name = &apos;com.apple.CFPasteboardClient&apos;
      See /usr/include/servers/bootstrap_defs.h for the error codes.
      
      Build info: version: &apos;2.46.0&apos;, revision: &apos;61506a4624b13675f24581e453592342b7485d71&apos;, time: &apos;2015-06-04 10:22:50&apos;
      System info: host: &apos;jianxu-mn2&apos;, ip: &apos;192.168.92.113&apos;, os.name: &apos;Mac OS X&apos;, os.arch: &apos;x86_64&apos;, os.version: &apos;10.12.3&apos;, java.version: &apos;1.8.0_40&apos;
      Driver info: driver.version: FirefoxDriver
      	at org.openqa.selenium.firefox.internal.NewProfileExtensionConnection.start(NewProfileExtensionConnection.java:132)
      	at org.openqa.selenium.firefox.FirefoxDriver.startClient(FirefoxDriver.java:275)
      	at org.openqa.selenium.remote.RemoteWebDriver.&lt;init&gt;(RemoteWebDriver.java:116)
      	at org.openqa.selenium.firefox.FirefoxDriver.&lt;init&gt;(FirefoxDriver.java:220)
      	at org.openqa.selenium.firefox.FirefoxDriver.&lt;init&gt;(FirefoxDriver.java:215)
      	at org.openqa.selenium.firefox.FirefoxDriver.&lt;init&gt;(FirefoxDriver.java:211)
      	at org.openqa.selenium.firefox.FirefoxDriver.&lt;init&gt;(FirefoxDriver.java:124)
      	at com.packtpub.mastering.selenium.steps.ConversionStepDefs.I_want_to_convert_degree_Fahrenheit_to_Celsius(ConversionStepDefs.java:26)
      	at ✽.Given I want to  convert 98.6 degree Fahrenheit to Celsius(com/packtpub/mastering/selenium/Conversion.feature:8)
      Caused by: org.openqa.selenium.firefox.NotConnectedException: Unable to connect to host 127.0.0.1 on port 7055 after 45000 ms. Firefox console output:
      e,&quot;hasBinaryComponents&quot;:false,&quot;strictCompatibility&quot;:true,&quot;locales&quot;:[],&quot;targetApplications&quot;:[{&quot;id&quot;:&quot;{ec8030f7-c20a-464f-9b0e-13a3a9e97384}&quot;,&quot;minVersion&quot;:&quot;53.0.2&quot;,&quot;maxVersion&quot;:&quot;53.0.2&quot;}],&quot;targetPlatforms&quot;:[],&quot;seen&quot;:true,&quot;dependencies&quot;:[],&quot;hasEmbeddedWebExtension&quot;:false,&quot;userPermissions&quot;:null}
      1507685485721	addons.xpi	DEBUG	getModTime: Recursive scan of {972ce4c6-7e08-4474-a285-3208198ce6fd}
      1507685485721	DeferredSave.extensions.json	DEBUG	Save changes
      1507685485721	addons.xpi	DEBUG	Updating database with changes to installed add-ons
      1507685485721	addons.xpi-utils	DEBUG	Updating add-on states
      1507685485722	addons.xpi-utils	DEBUG	Writing add-ons list
      1507685485723	addons.xpi	DEBUG	Registering manifest for /Applications/Firefox.app/Contents/Resources/browser/features/aushelper@mozilla.org.xpi
      1507685485723	addons.xpi	DEBUG	Calling bootstrap method startup on aushelper@mozilla.org version 2.0
      1507685485724	addons.xpi	DEBUG	Registering manifest for /Applications/Firefox.app/Contents/Resources/browser/features/e10srollout@mozilla.org.xpi
      1507685485724	addons.xpi	DEBUG	Calling bootstrap method startup on e10srollout@mozilla.org version 1.14
      1507685485725	addons.xpi	DEBUG	Registering manifest for /Applications/Firefox.app/Contents/Resources/browser/features/firefox@getpocket.com.xpi
      1507685485725	addons.xpi	DEBUG	Calling bootstrap method startup on firefox@getpocket.com version 1.0.5
      1507685485726	addons.xpi	DEBUG	Registering manifest for /Applications/Firefox.app/Contents/Resources/browser/features/webcompat@mozilla.org.xpi
      1507685485726	addons.xpi	DEBUG	Calling bootstrap method startup on webcompat@mozilla.org version 1.0
      1507685485728	addons.manager	DEBUG	Registering shutdown blocker for XPIProvider
      1507685485728	addons.manager	DEBUG	Provider finished startup: XPIProvider
      1507685485729	addons.manager	DEBUG	Starting provider: LightweightThemeManager
      1507685485729	addons.manager	DEBUG	Registering shutdown blocker for LightweightThemeManager
      1507685485730	addons.manager	DEBUG	Provider finished startup: LightweightThemeManager
      1507685485730	addons.manager	DEBUG	Starting provider: GMPProvider
      1507685485733	addons.manager	DEBUG	Registering shutdown blocker for GMPProvider
      1507685485734	addons.manager	DEBUG	Provider finished startup: GMPProvider
      1507685485734	addons.manager	DEBUG	Starting provider: PluginProvider
      1507685485734	addons.manager	DEBUG	Registering shutdown blocker for PluginProvider
      1507685485734	addons.manager	DEBUG	Provider finished startup: PluginProvider
      1507685485734	addons.manager	DEBUG	Completed startup sequence
      1507685486042	addons.manager	DEBUG	Starting provider: &lt;unnamed-provider&gt;
      1507685486042	addons.manager	DEBUG	Registering shutdown blocker for &lt;unnamed-provider&gt;
      1507685486042	addons.manager	DEBUG	Provider finished startup: &lt;unnamed-provider&gt;
      1507685486047	DeferredSave.extensions.json	DEBUG	Starting write
      1507685486135	addons.repository	DEBUG	No addons.json found.
      1507685486135	DeferredSave.addons.json	DEBUG	Save changes
      1507685486138	DeferredSave.addons.json	DEBUG	Starting timer
      1507685486163	addons.manager	DEBUG	Starting provider: PreviousExperimentProvider
      1507685486163	addons.manager	DEBUG	Registering shutdown blocker for PreviousExperimentProvider
      1507685486163	addons.manager	DEBUG	Provider finished startup: PreviousExperimentProvider
      1507685486189	DeferredSave.extensions.json	DEBUG	Write succeeded
      1507685486189	addons.xpi-utils	DEBUG	XPI Database saved, setting schema version preference to 19
      1507685486197	DeferredSave.addons.json	DEBUG	Starting write
      1507685486213	DeferredSave.addons.json	DEBUG	Write succeeded
      2017-10-11 09:31:27.438 plugin-container[58431:1355233] *** CFMessagePort: bootstrap_register(): failed 1100 (0x44c) &apos;Permission denied&apos;, port = 0x9533, name = &apos;com.apple.tsm.portname&apos;
      See /usr/include/servers/bootstrap_defs.h for the error codes.
      2017-10-11 09:31:27.441 plugin-container[58431:1355233] *** CFMessagePort: bootstrap_register(): failed 1100 (0x44c) &apos;Permission denied&apos;, port = 0x9803, name = &apos;com.apple.CFPasteboardClient&apos;
      See /usr/include/servers/bootstrap_defs.h for the error codes.
      
      	at org.openqa.selenium.firefox.internal.NewProfileExtensionConnection.start(NewProfileExtensionConnection.java:120)
      	at org.openqa.selenium.firefox.FirefoxDriver.startClient(FirefoxDriver.java:275)
      	at org.openqa.selenium.remote.RemoteWebDriver.&lt;init&gt;(RemoteWebDriver.java:116)
      	at org.openqa.selenium.firefox.FirefoxDriver.&lt;init&gt;(FirefoxDriver.java:220)
      	at org.openqa.selenium.firefox.FirefoxDriver.&lt;init&gt;(FirefoxDriver.java:215)
      	at org.openqa.selenium.firefox.FirefoxDriver.&lt;init&gt;(FirefoxDriver.java:211)
      	at org.openqa.selenium.firefox.FirefoxDriver.&lt;init&gt;(FirefoxDriver.java:124)
      	at com.packtpub.mastering.selenium.steps.ConversionStepDefs.I_want_to_convert_degree_Fahrenheit_to_Celsius(ConversionStepDefs.java:26)
      	at sun.reflect.NativeMethodAccessorImpl.invoke0(Native Method)
      	at sun.reflect.NativeMethodAccessorImpl.invoke(NativeMethodAccessorImpl.java:62)
      	at sun.reflect.DelegatingMethodAccessorImpl.invoke(DelegatingMethodAccessorImpl.java:43)
      	at java.lang.reflect.Method.invoke(Method.java:497)
      	at cucumber.runtime.Utils$1.call(Utils.java:40)
      	at cucumber.runtime.Timeout.timeout(Timeout.java:12)
      	at cucumber.runtime.Utils.invoke(Utils.java:36)
      	at cucumber.runtime.java.JavaStepDefinition.execute(JavaStepDefinition.java:35)
      	at cucumber.runtime.StepDefinitionMatch.runStep(StepDefinitionMatch.java:38)
      	at cucumber.runtime.Runtime.runStep(Runtime.java:267)
      	at cucumber.runtime.model.StepContainer.runStep(StepContainer.java:44)
      	at cucumber.runtime.model.StepContainer.runSteps(StepContainer.java:39)
      	at cucumber.runtime.model.CucumberScenario.run(CucumberScenario.java:36)
      	at cucumber.junit.ExecutionUnitRunner.run(ExecutionUnitRunner.java:76)
      	at cucumber.junit.FeatureRunner.runChild(FeatureRunner.java:65)
      	at cucumber.junit.FeatureRunner.runChild(FeatureRunner.java:20)
      	at org.junit.runners.ParentRunner$3.run(ParentRunner.java:238)
      	at org.junit.runners.ParentRunner$1.schedule(ParentRunner.java:63)
      	at org.junit.runners.ParentRunner.runChildren(ParentRunner.java:236)
      	at org.junit.runners.ParentRunner.access$000(ParentRunner.java:53)
      	at org.junit.runners.ParentRunner$2.evaluate(ParentRunner.java:229)
      	at org.junit.runners.ParentRunner.run(ParentRunner.java:309)
      	at cucumber.junit.FeatureRunner.run(FeatureRunner.java:72)
      	at cucumber.junit.Cucumber.runChild(Cucumber.java:76)
      	at cucumber.junit.Cucumber.runChild(Cucumber.java:36)
      	at org.junit.runners.ParentRunner$3.run(ParentRunner.java:238)
      	at org.junit.runners.ParentRunner$1.schedule(ParentRunner.java:63)
      	at org.junit.runners.ParentRunner.runChildren(ParentRunner.java:236)
      	at org.junit.runners.ParentRunner.access$000(ParentRunner.java:53)
      	at org.junit.runners.ParentRunner$2.evaluate(ParentRunner.java:229)
      	at org.junit.runners.ParentRunner.run(ParentRunner.java:309)
      	at cucumber.junit.Cucumber.run(Cucumber.java:81)
      	at org.apache.maven.surefire.junit4.JUnit4Provider.execute(JUnit4Provider.java:252)
      	at org.apache.maven.surefire.junit4.JUnit4Provider.executeTestSet(JUnit4Provider.java:141)
      	at org.apache.maven.surefire.junit4.JUnit4Provider.invoke(JUnit4Provider.java:112)
      	at sun.reflect.NativeMethodAccessorImpl.invoke0(Native Method)
      	at sun.reflect.NativeMethodAccessorImpl.invoke(NativeMethodAccessorImpl.java:62)
      	at sun.reflect.DelegatingMethodAccessorImpl.invoke(DelegatingMethodAccessorImpl.java:43)
      	at java.lang.reflect.Method.invoke(Method.java:497)
      	at org.apache.maven.surefire.util.ReflectionUtils.invokeMethodWithArray(ReflectionUtils.java:189)
      	at org.apache.maven.surefire.booter.ProviderFactory$ProviderProxy.invoke(ProviderFactory.java:165)
      	at org.apache.maven.surefire.booter.ProviderFactory.invokeProvider(ProviderFactory.java:85)
      	at org.apache.maven.surefire.booter.ForkedBooter.runSuitesInProcess(ForkedBooter.java:115)
      	at org.apache.maven.surefire.booter.ForkedBooter.main(ForkedBooter.java:75)
      &amp;#27;[0m
    &amp;#27;[90mWhen &amp;#27;[0m&amp;#27;[90mI input the value of Fahrenheit as &amp;#27;[0m&amp;#27;[90m&amp;#27;[1m98&amp;#27;[0m&amp;#27;[90m.&amp;#27;[0m&amp;#27;[90m&amp;#27;[1m6&amp;#27;[0m&amp;#27;[90m in text field&amp;#27;[0m &amp;#27;[90m# ConversionStepDefs.I_input_the_value_of_Fahrenheit_as_in_text_field(int,int)&amp;#27;[0m
</system-out>
  </testcase>
  <testcase classname="Then It should be converted to Celsius as 37 degree     " name="Then It should be converted to Celsius as 37 degree     " time="0.091">
    <skipped/>
    <system-out>&amp;#27;[1A    &amp;#27;[36mWhen &amp;#27;[0m&amp;#27;[36mI input the value of Fahrenheit as &amp;#27;[0m&amp;#27;[36m&amp;#27;[1m98&amp;#27;[0m&amp;#27;[36m.&amp;#27;[0m&amp;#27;[36m&amp;#27;[1m6&amp;#27;[0m&amp;#27;[36m in text field&amp;#27;[0m &amp;#27;[90m# ConversionStepDefs.I_input_the_value_of_Fahrenheit_as_in_text_field(int,int)&amp;#27;[0m
    &amp;#27;[90mThen &amp;#27;[0m&amp;#27;[90mIt should be converted to Celsius as &amp;#27;[0m&amp;#27;[90m&amp;#27;[1m37&amp;#27;[0m&amp;#27;[90m degree&amp;#27;[0m        &amp;#27;[90m# ConversionStepDefs.It_should_be_converted_to_Celsius_as_degree(int)&amp;#27;[0m
</system-out>
  </testcase>
</testsuite>